<?xml version="1.0" encoding="UTF-8"?>
<testng-results ignored="0" total="1" passed="1" failed="0" skipped="0">
  <reporter-output>
  </reporter-output>
  <suite started-at="2024-07-18T13:41:53 IST" name="Default suite" finished-at="2024-07-18T13:42:04 IST" duration-ms="10406">
    <groups>
    </groups>
    <test started-at="2024-07-18T13:41:53 IST" name="Default test" finished-at="2024-07-18T13:42:04 IST" duration-ms="10406">
      <class name="testCases.TC001_AccRegistration">
        <test-method is-config="true" signature="beforeClass()[pri:0, instance:testCases.TC001_AccRegistration@194bcebf]" started-at="2024-07-18T13:41:53 IST" name="beforeClass" finished-at="2024-07-18T13:41:59 IST" duration-ms="6037" status="PASS">
          <reporter-output>
          </reporter-output>
        </test-method> <!-- beforeClass -->
        <test-method signature="verify_account_registration()[pri:0, instance:testCases.TC001_AccRegistration@194bcebf]" started-at="2024-07-18T13:41:59 IST" name="verify_account_registration" finished-at="2024-07-18T13:42:03 IST" duration-ms="4037" status="PASS">
          <reporter-output>
          </reporter-output>
        </test-method> <!-- verify_account_registration -->
        <test-method is-config="true" signature="afterClass()[pri:0, instance:testCases.TC001_AccRegistration@194bcebf]" started-at="2024-07-18T13:42:03 IST" name="afterClass" finished-at="2024-07-18T13:42:04 IST" duration-ms="255" status="PASS">
          <reporter-output>
          </reporter-output>
        </test-method> <!-- afterClass -->
      </class> <!-- testCases.TC001_AccRegistration -->
    </test> <!-- Default test -->
  </suite> <!-- Default suite -->
</testng-results>
